<?xml version="1.0" encoding="UTF-8"?>
<!-- Generated by org.testng.reporters.JUnitXMLReporter -->
<testsuite hostname="LAPTOP-H2QSPOA2" ignored="2" name="Default test" tests="1" failures="0" timestamp="14 Dec 2022 20:07:11 GMT" time="4.105" errors="0">
  <testcase name="getGroupInfo" time="4.071" classname="com.bit.ly.Stepdefinition"/>
  <testcase name="getGroupNsort" time="0.0" classname="com.bit.ly.Stepdefinition">
    <ignored/>
  </testcase> <!-- getGroupNsort -->
  <testcase name="post1" time="0.0" classname="com.bit.ly.Stepdefinition">
    <ignored/>
  </testcase> <!-- post1 -->
</testsuite> <!-- Default test -->
