<?xml version="1.0" encoding="UTF-8"?>
<testng-results skipped="0" failed="0" ignored="2" total="3" passed="1">
  <reporter-output>
  </reporter-output>
  <suite name="Default suite" duration-ms="4105" started-at="2022-12-14T20:07:07Z" finished-at="2022-12-14T20:07:11Z">
    <groups>
    </groups>
    <test name="Default test" duration-ms="4105" started-at="2022-12-14T20:07:07Z" finished-at="2022-12-14T20:07:11Z">
      <class name="com.bit.ly.Stepdefinition">
        <test-method status="PASS" signature="getGroupInfo()[pri:0, instance:com.bit.ly.Stepdefinition@ff5b51f]" name="getGroupInfo" duration-ms="4071" started-at="2022-12-14T20:07:07Z" finished-at="2022-12-14T20:07:11Z">
          <reporter-output>
          </reporter-output>
        </test-method> <!-- getGroupInfo -->
      </class> <!-- com.bit.ly.Stepdefinition -->
    </test> <!-- Default test -->
  </suite> <!-- Default suite -->
</testng-results>
